[debug] > Exec(early(addDefaultCommands), None, None)
[debug] > Exec(addDefaultCommands, None, None)
[debug] > Exec(early(initialize), None, None)
[debug] > Exec(initialize, None, None)
[debug] > Exec(boot, None, None)
[debug] > Exec(writeSbtVersion, None, None)
[debug] > Exec(reload, None, None)
[debug] > Exec(sbtStashOnFailure, None, None)
[debug] > Exec(onFailure loadFailed, None, None)
[debug] > Exec(loadp, None, None)
[info] welcome to sbt 1.6.2 (BellSoft Java 1.8.0_333)
[debug] Load.defaultLoad until apply took 623.848958ms
[debug]           Load.loadUnit: plugins took 93.70225ms
[debug]           Load.loadUnit: defsScala took 0.364667ms
[debug] [Loading] Scanning directory /Users/apple/Brian/Project/Viettel IDC/Play Project/play-samples-play-java-ebean-example/project
[debug]             Load.loadUnit: mkEval took 12.267166ms
[debug] [Loading] Found non-root projects 
[debug] [Loading] Done in /Users/apple/Brian/Project/Viettel IDC/Play Project/play-samples-play-java-ebean-example/project, returning: ()
[debug] deducing auto plugins based on known facts Set(Atom(sbt.plugins.CorePlugin)) and clauses Clauses(Clause(Atom(sbt.plugins.JvmPlugin),Set(Atom(sbt.plugins.IvyPlugin)))
[debug] Clause(Atom(sbt.ScriptedPlugin),Set(Atom(sbt.plugins.JvmPlugin)))
[debug] Clause(Atom(sbt.plugins.SbtPlugin),Set(Atom(sbt.ScriptedPlugin)))
[debug] Clause(Atom(sbt.plugins.SemanticdbPlugin),Set(Atom(sbt.plugins.JvmPlugin)))
[debug] Clause(Atom(sbt.plugins.JUnitXmlReportPlugin),Set(Atom(sbt.plugins.JvmPlugin)))
[debug] Clause(Atom(sbt.plugins.MiniDependencyTreePlugin),Set(Atom(sbt.plugins.JvmPlugin)))
[debug] Clause(Atom(sbt.plugins.CorePlugin),Set(Atom(sbt.plugins.IvyPlugin)))
[debug] Clause(Atom(sbt.plugins.IvyPlugin),Set(Atom(sbt.plugins.JvmPlugin)))
[debug] Clause(Atom(sbt.plugins.JvmPlugin),Set(Atom(sbt.plugins.SemanticdbPlugin)))
[debug] Clause(Atom(sbt.plugins.JvmPlugin),Set(Atom(sbt.plugins.JUnitXmlReportPlugin)))
[debug] Clause(Atom(sbt.plugins.CorePlugin),Set(Atom(sbt.plugins.Giter8TemplatePlugin)))
[debug] Clause(Atom(sbt.plugins.JvmPlugin),Set(Atom(sbt.plugins.MiniDependencyTreePlugin))))
[debug]   :: deduced result: Matched(sbt.plugins.CorePlugin,sbt.plugins.Giter8TemplatePlugin,sbt.plugins.IvyPlugin,sbt.plugins.JvmPlugin,sbt.plugins.MiniDependencyTreePlugin,sbt.plugins.JUnitXmlReportPlugin,sbt.plugins.SemanticdbPlugin)
[debug] Plugins.deducer#function took 14.406167 ms
[info] loading settings for project play-samples-play-java-ebean-example-build from plugins.sbt ...
[debug]               Load.resolveProject(play-samples-play-java-ebean-example-build) took 52.431542ms
[debug]             Load.loadTransitive: finalizeProject(Project(id play-samples-play-java-ebean-example-build, base: /Users/apple/Brian/Project/Viettel IDC/Play Project/play-samples-play-java-ebean-example/project, plugins: List(<none>))) took 75.966ms
[debug] [Loading] Done in /Users/apple/Brian/Project/Viettel IDC/Play Project/play-samples-play-java-ebean-example/project, returning: (play-samples-play-java-ebean-example-build)
[debug]           Load.loadUnit: loadedProjectsRaw took 3636.1305ms
[debug]           Load.loadUnit: cleanEvalClasses took 142.967875ms
[debug]         Load.loadUnit(file:/Users/apple/Brian/Project/Viettel%20IDC/Play%20Project/play-samples-play-java-ebean-example/project/, ...) took 3879.089208ms
[debug]       Load.apply: load took 3981.981916ms
[debug]       Load.apply: resolveProjects took 5.511917ms
[debug]       Load.apply: finalTransforms took 55.801083ms
[debug]       Load.apply: config.delegates took 5.556625ms
[debug]       Load.apply: Def.make(settings)... took 501.118458ms
[debug]       Load.apply: structureIndex took 110.506417ms
[debug]       Load.apply: mkStreams took 2.373958ms
[info] loading project definition from /Users/apple/Brian/Project/Viettel IDC/Play Project/play-samples-play-java-ebean-example/project
[debug] Running task... Cancel: Signal, check cycles: false, forcegc: true
[debug]     Load.loadUnit: plugins took 6621.526125ms
[debug]     Load.loadUnit: defsScala took 0.006833ms
[debug] [Loading] Scanning directory /Users/apple/Brian/Project/Viettel IDC/Play Project/play-samples-play-java-ebean-example
[debug]       Load.loadUnit: mkEval took 0.314416ms
[debug] [Loading] Found root project root w/ remaining 
[debug] deducing auto plugins based on known facts Set(Atom(play.sbt.PlayJava), Atom(play.ebean.sbt.PlayEbean), Atom(sbt.plugins.CorePlugin)) and clauses Clauses(Clause(Atom(sbt.plugins.JvmPlugin),Set(Atom(sbt.plugins.IvyPlugin)))
[debug] Clause(Atom(sbt.ScriptedPlugin),Set(Atom(sbt.plugins.JvmPlugin)))
[debug] Clause(Atom(sbt.plugins.SbtPlugin),Set(Atom(sbt.ScriptedPlugin)))
[debug] Clause(Atom(sbt.plugins.SemanticdbPlugin),Set(Atom(sbt.plugins.JvmPlugin)))
[debug] Clause(Atom(sbt.plugins.JUnitXmlReportPlugin),Set(Atom(sbt.plugins.JvmPlugin)))
[debug] Clause(Atom(sbt.plugins.MiniDependencyTreePlugin),Set(Atom(sbt.plugins.JvmPlugin)))
[debug] Clause(Atom(play.sbt.Play),Set(Atom(play.sbt.routes.RoutesCompiler)))
[debug] Clause(Atom(play.sbt.Play),Set(Atom(com.typesafe.sbt.jse.SbtJsTask)))
[debug] Clause(Atom(play.sbt.Play),Set(Atom(com.typesafe.sbt.packager.archetypes.JavaServerAppPackaging)))
[debug] Clause(Atom(play.sbt.Play),Set(Atom(play.twirl.sbt.SbtTwirl)))
[debug] Clause(Atom(play.sbt.PlayAkkaHttp2Support),Set(Atom(play.sbt.PlayAkkaHttpServer)))
[debug] Clause(Atom(play.sbt.PlayAkkaHttp2Support),Set(Atom(com.lightbend.sbt.javaagent.JavaAgent)))
[debug] Clause(Atom(play.sbt.PlayAkkaHttpServer),Set(Atom(play.sbt.PlayService)))
[debug] Clause(Atom(play.sbt.PlayFilters),Set(Atom(play.sbt.PlayWeb)))
[debug] Clause(Atom(play.sbt.PlayJava),Set(Atom(play.sbt.PlayWeb)))
[debug] Clause(Atom(play.sbt.PlayLayoutPlugin),Set(Atom(play.sbt.PlayWeb)))
[debug] Clause(Atom(play.sbt.PlayLogback),Set(Atom(play.sbt.PlayService)))
[debug] Clause(Atom(play.sbt.PlayMinimalJava),Set(Atom(play.sbt.PlayWeb)))
[debug] Clause(Atom(play.sbt.PlayNettyServer),Set(Atom(play.sbt.PlayService)))
[debug] Clause(Atom(play.sbt.PlayScala),Set(Atom(play.sbt.PlayWeb)))
[debug] Clause(Atom(play.sbt.PlayService),Set(Atom(com.typesafe.sbt.packager.archetypes.JavaServerAppPackaging)))
[debug] Clause(Atom(play.sbt.PlayWeb),Set(Atom(play.sbt.routes.RoutesCompiler)))
[debug] Clause(Atom(play.sbt.PlayWeb),Set(Atom(com.typesafe.sbt.jse.SbtJsTask)))
[debug] Clause(Atom(play.sbt.PlayWeb),Set(Atom(play.sbt.PlayService)))
[debug] Clause(Atom(play.sbt.PlayWeb),Set(Atom(play.twirl.sbt.SbtTwirl)))
[debug] Clause(Atom(play.sbt.routes.RoutesCompiler),Set(Atom(sbt.plugins.JvmPlugin)))
[debug] Clause(Atom(play.sbt.test.MediatorWorkaroundPlugin),Set(Atom(sbt.plugins.JvmPlugin)))
[debug] Clause(Atom(play.ebean.sbt.PlayEbean),Set(Atom(sbt.plugins.JvmPlugin)))
[debug] Clause(Atom(play.twirl.sbt.SbtTwirl),Set(Atom(sbt.plugins.JvmPlugin)))
[debug] Clause(Atom(com.typesafe.sbt.SbtNativePackager),Set(Atom(sbt.plugins.JvmPlugin)))
[debug] Clause(Atom(com.typesafe.sbt.packager.archetypes.JavaAppPackaging),Set(Atom(com.typesafe.sbt.packager.windows.WindowsPlugin)))
[debug] Clause(Atom(com.typesafe.sbt.packager.archetypes.JavaAppPackaging),Set(Atom(com.typesafe.sbt.packager.docker.DockerPlugin)))
[debug] Clause(Atom(com.typesafe.sbt.packager.archetypes.JavaAppPackaging),Set(Atom(com.typesafe.sbt.packager.debian.DebianPlugin)))
[debug] Clause(Atom(com.typesafe.sbt.packager.archetypes.JavaAppPackaging),Set(Atom(com.typesafe.sbt.packager.rpm.RpmPlugin)))
[debug] Clause(Atom(com.typesafe.sbt.packager.archetypes.JavaServerAppPackaging),Set(Atom(com.typesafe.sbt.packager.archetypes.JavaAppPackaging)))
[debug] Clause(Atom(com.typesafe.sbt.packager.archetypes.jar.ClasspathJarPlugin),Set(Atom(com.typesafe.sbt.packager.archetypes.JavaAppPackaging)))
[debug] Clause(Atom(com.typesafe.sbt.packager.archetypes.jar.LauncherJarPlugin),Set(Atom(com.typesafe.sbt.packager.archetypes.JavaAppPackaging)))
[debug] Clause(Atom(com.typesafe.sbt.packager.archetypes.jlink.JlinkPlugin),Set(Atom(com.typesafe.sbt.packager.archetypes.JavaAppPackaging)))
[debug] Clause(Atom(com.typesafe.sbt.packager.archetypes.scripts.AshScriptPlugin),Set(Atom(com.typesafe.sbt.packager.archetypes.JavaAppPackaging)))
[debug] Clause(Atom(com.typesafe.sbt.packager.archetypes.scripts.AshScriptPlugin),Set(Atom(com.typesafe.sbt.packager.archetypes.scripts.BashStartScriptPlugin)))
[debug] Clause(Atom(com.typesafe.sbt.packager.archetypes.scripts.BashStartScriptPlugin),Set(Atom(com.typesafe.sbt.packager.archetypes.JavaAppPackaging)))
[debug] Clause(Atom(com.typesafe.sbt.packager.archetypes.scripts.BatStartScriptPlugin),Set(Atom(com.typesafe.sbt.packager.archetypes.JavaAppPackaging)))
[debug] Clause(Atom(com.typesafe.sbt.packager.archetypes.systemloader.SystemVPlugin),Set(Atom(com.typesafe.sbt.packager.archetypes.systemloader.SystemloaderPlugin)))
[debug] Clause(Atom(com.typesafe.sbt.packager.archetypes.systemloader.SystemdPlugin),Set(Atom(com.typesafe.sbt.packager.archetypes.systemloader.SystemloaderPlugin)))
[debug] Clause(Atom(com.typesafe.sbt.packager.archetypes.systemloader.SystemloaderPlugin),Set(Atom(com.typesafe.sbt.packager.debian.DebianPlugin)))
[debug] Clause(Atom(com.typesafe.sbt.packager.archetypes.systemloader.SystemloaderPlugin),Set(Atom(com.typesafe.sbt.packager.rpm.RpmPlugin)))
[debug] Clause(Atom(com.typesafe.sbt.packager.archetypes.systemloader.UpstartPlugin),Set(Atom(com.typesafe.sbt.packager.archetypes.systemloader.SystemloaderPlugin)))
[debug] Clause(Atom(com.typesafe.sbt.packager.debian.DebianDeployPlugin),Set(Atom(com.typesafe.sbt.packager.debian.DebianPlugin)))
[debug] Clause(Atom(com.typesafe.sbt.packager.debian.DebianPlugin),Set(Atom(com.typesafe.sbt.packager.linux.LinuxPlugin)))
[debug] Clause(Atom(com.typesafe.sbt.packager.debian.JDebPackaging),Set(Atom(com.typesafe.sbt.packager.debian.DebianPlugin)))
[debug] Clause(Atom(com.typesafe.sbt.packager.docker.DockerPlugin),Set(Atom(com.typesafe.sbt.packager.universal.UniversalPlugin)))
[debug] Clause(Atom(com.typesafe.sbt.packager.docker.DockerSpotifyClientPlugin),Set(Atom(com.typesafe.sbt.packager.docker.DockerPlugin)))
[debug] Clause(Atom(com.typesafe.sbt.packager.graalvmnativeimage.GraalVMNativeImagePlugin),Set(Atom(com.typesafe.sbt.packager.archetypes.JavaAppPackaging)))
[debug] Clause(Atom(com.typesafe.sbt.packager.jdkpackager.JDKPackagerDeployPlugin),Set(Atom(com.typesafe.sbt.packager.jdkpackager.JDKPackagerPlugin)))
[debug] Clause(Atom(com.typesafe.sbt.packager.jdkpackager.JDKPackagerPlugin),Set(Atom(com.typesafe.sbt.packager.archetypes.JavaAppPackaging)))
[debug] Clause(Atom(com.typesafe.sbt.packager.jdkpackager.JDKPackagerPlugin),Set(Atom(com.typesafe.sbt.packager.archetypes.jar.LauncherJarPlugin)))
[debug] Clause(Atom(com.typesafe.sbt.packager.linux.LinuxPlugin),Set(Atom(com.typesafe.sbt.packager.universal.UniversalPlugin)))
[debug] Clause(Atom(com.typesafe.sbt.packager.rpm.RpmDeployPlugin),Set(Atom(com.typesafe.sbt.packager.rpm.RpmPlugin)))
[debug] Clause(Atom(com.typesafe.sbt.packager.rpm.RpmPlugin),Set(Atom(com.typesafe.sbt.packager.linux.LinuxPlugin)))
[debug] Clause(Atom(com.typesafe.sbt.packager.universal.UniversalDeployPlugin),Set(Atom(com.typesafe.sbt.packager.universal.UniversalPlugin)))
[debug] Clause(Atom(com.typesafe.sbt.packager.universal.UniversalPlugin),Set(Atom(com.typesafe.sbt.SbtNativePackager)))
[debug] Clause(Atom(com.typesafe.sbt.packager.windows.WindowsDeployPlugin),Set(Atom(com.typesafe.sbt.packager.windows.WindowsPlugin)))
[debug] Clause(Atom(com.typesafe.sbt.packager.windows.WindowsPlugin),Set(Atom(com.typesafe.sbt.packager.universal.UniversalPlugin)))
[debug] Clause(Atom(com.lightbend.sbt.javaagent.JavaAgent),Set(Atom(sbt.plugins.JvmPlugin)))
[debug] Clause(Atom(com.lightbend.sbt.javaagent.JavaAgentPackaging),Set(Atom(com.lightbend.sbt.javaagent.JavaAgent)))
[debug] Clause(Atom(com.lightbend.sbt.javaagent.JavaAgentPackaging),Set(Atom(com.typesafe.sbt.packager.archetypes.JavaAppPackaging)))
[debug] Clause(Atom(com.typesafe.sbt.web.SbtWeb),Set(Atom(sbt.plugins.JvmPlugin)))
[debug] Clause(Atom(com.typesafe.sbt.jse.SbtJsEngine),Set(Atom(com.typesafe.sbt.web.SbtWeb)))
[debug] Clause(Atom(com.typesafe.sbt.jse.SbtJsTask),Set(Atom(com.typesafe.sbt.jse.SbtJsEngine)))
[debug] Clause(Atom(sbt.plugins.CorePlugin),Set(Atom(sbt.plugins.IvyPlugin)))
[debug] Clause(Atom(sbt.plugins.IvyPlugin),Set(Atom(sbt.plugins.JvmPlugin)))
[debug] Clause(Atom(sbt.plugins.JvmPlugin),Set(Atom(sbt.plugins.SemanticdbPlugin)))
[debug] Clause(Atom(sbt.plugins.JvmPlugin),Set(Atom(sbt.plugins.JUnitXmlReportPlugin)))
[debug] Clause(Atom(sbt.plugins.CorePlugin),Set(Atom(sbt.plugins.Giter8TemplatePlugin)))
[debug] Clause(Atom(sbt.plugins.JvmPlugin),Set(Atom(sbt.plugins.MiniDependencyTreePlugin)))
[debug] Clause(Atom(play.sbt.PlayService),Set(Atom(play.sbt.PlayAkkaHttpServer)))
[debug] Clause(Atom(play.sbt.PlayWeb),Set(Atom(play.sbt.PlayFilters)))
[debug] Clause(Atom(play.sbt.PlayWeb),Set(Atom(play.sbt.PlayLayoutPlugin)))
[debug] Clause(Atom(play.sbt.PlayService),Set(Atom(play.sbt.PlayLogback)))
[debug] Clause(Atom(com.typesafe.sbt.packager.archetypes.JavaAppPackaging),Set(Atom(com.typesafe.sbt.packager.archetypes.scripts.BashStartScriptPlugin)))
[debug] Clause(Atom(com.typesafe.sbt.packager.archetypes.JavaAppPackaging),Set(Atom(com.typesafe.sbt.packager.archetypes.scripts.BatStartScriptPlugin)))
[debug] Clause(And(Set(Atom(com.lightbend.sbt.javaagent.JavaAgent), Atom(com.typesafe.sbt.packager.archetypes.JavaAppPackaging))),Set(Atom(com.lightbend.sbt.javaagent.JavaAgentPackaging)))
[debug] Clause(Atom(com.typesafe.sbt.web.SbtWeb),Set(Atom(com.typesafe.sbt.jse.SbtJsEngine)))
[debug] Clause(Atom(com.typesafe.sbt.jse.SbtJsEngine),Set(Atom(com.typesafe.sbt.jse.SbtJsTask))))
[debug]   :: deduced result: Matched(sbt.plugins.CorePlugin,play.ebean.sbt.PlayEbean,play.sbt.PlayJava,sbt.plugins.Giter8TemplatePlugin,sbt.plugins.IvyPlugin,sbt.plugins.JvmPlugin,play.sbt.PlayWeb,play.twirl.sbt.SbtTwirl,play.sbt.PlayService,sbt.plugins.SemanticdbPlugin,sbt.plugins.JUnitXmlReportPlugin,play.sbt.PlayFilters,play.sbt.PlayLayoutPlugin,play.sbt.routes.RoutesCompiler,com.typesafe.sbt.jse.SbtJsTask,sbt.plugins.MiniDependencyTreePlugin,play.sbt.PlayLogback,play.sbt.PlayAkkaHttpServer,com.typesafe.sbt.jse.SbtJsEngine,com.typesafe.sbt.packager.archetypes.JavaServerAppPackaging,com.typesafe.sbt.web.SbtWeb,com.typesafe.sbt.packager.archetypes.JavaAppPackaging,com.typesafe.sbt.packager.rpm.RpmPlugin,com.typesafe.sbt.packager.archetypes.scripts.BashStartScriptPlugin,com.typesafe.sbt.packager.windows.WindowsPlugin,com.typesafe.sbt.packager.archetypes.scripts.BatStartScriptPlugin,com.typesafe.sbt.packager.docker.DockerPlugin,com.typesafe.sbt.packager.debian.DebianPlugin,com.typesafe.sbt.packager.universal.UniversalPlugin,com.typesafe.sbt.packager.linux.LinuxPlugin,com.typesafe.sbt.SbtNativePackager)
[debug] Plugins.deducer#function took 18.928917 ms
[info] loading settings for project root from build.sbt ...
[debug]         Load.resolveProject(root) took 152.900916ms
[debug]       Load.loadTransitive: finalizeProject(Project(id root, base: /Users/apple/Brian/Project/Viettel IDC/Play Project/play-samples-play-java-ebean-example, plugins: List(play.sbt.PlayJava && play.ebean.sbt.PlayEbean))) took 176.078ms
[debug] [Loading] Done in /Users/apple/Brian/Project/Viettel IDC/Play Project/play-samples-play-java-ebean-example, returning: (root)
[debug]     Load.loadUnit: loadedProjectsRaw took 2182.664666ms
[debug]     Load.loadUnit: cleanEvalClasses took 2.736583ms
[debug]   Load.loadUnit(file:/Users/apple/Brian/Project/Viettel%20IDC/Play%20Project/play-samples-play-java-ebean-example/, ...) took 8809.699292ms
[debug] Load.apply: load took 8836.3505ms
[debug] Load.apply: resolveProjects took 0.121791ms
[debug] Load.apply: finalTransforms took 56.154666ms
[debug] Load.apply: config.delegates took 1.383958ms
[debug] Load.apply: Def.make(settings)... took 141.206916ms
[debug] Load.apply: structureIndex took 55.118084ms
[debug] Load.apply: mkStreams took 0.003ms
[info]   __              __
[info]   \ \     ____   / /____ _ __  __
[info]    \ \   / __ \ / // __ `// / / /
[info]    / /  / /_/ // // /_/ // /_/ /
[info]   /_/  / .___//_/ \__,_/ \__, /
[info]       /_/               /____/
[info] 
[info] Version 2.8.16 running Java 1.8.0_333
[info] 
[info] Play is run entirely by the community. Please consider contributing and/or donating:
[info] https://www.playframework.com/sponsors
[info] 
[debug] > Exec(sbtPopOnFailure, None, None)
[debug] > Exec(resumeFromFailure, None, None)
[debug] > Exec(notifyUsersAboutShell, None, None)
[debug] > Exec(iflast shell, None, None)
[debug] > Exec(project root, None, None)
[info]   __              __
[info]   \ \     ____   / /____ _ __  __
[info]    \ \   / __ \ / // __ `// / / /
[info]    / /  / /_/ // // /_/ // /_/ /
[info]   /_/  / .___//_/ \__,_/ \__, /
[info]       /_/               /____/
[info] 
[info] Version 2.8.16 running Java 1.8.0_333
[info] 
[info] Play is run entirely by the community. Please consider contributing and/or donating:
[info] https://www.playframework.com/sponsors
[info] 
[debug] > Exec(run 9999, None, None)
[debug] Evaluating tasks: Compile / run
[debug] Running task... Cancel: Signal, check cycles: false, forcegc: true
[debug] Running task... Cancel: Signal, check cycles: false, forcegc: true
[info] compiling 1 Java source to /Users/apple/Brian/Project/Viettel IDC/Play Project/play-samples-play-java-ebean-example/target/scala-2.13/classes ...
[error] /Users/apple/Brian/Project/Viettel IDC/Play Project/play-samples-play-java-ebean-example/app/controllers/CustomerController.java:93:1: cannot find symbol
[error]   symbol:   method QCustomer()
[error]   location: class controllers.CustomerController
[error] QCustomer
[error] (Compile / compileIncremental) javac returned non-zero exit code
[debug] Running task... Cancel: Signal, check cycles: false, forcegc: true
[debug] Running task... Cancel: Signal, check cycles: false, forcegc: true
[debug] Running task... Cancel: Signal, check cycles: false, forcegc: true
[info] compiling 5 Scala sources and 18 Java sources to /Users/apple/Brian/Project/Viettel IDC/Play Project/play-samples-play-java-ebean-example/target/scala-2.13/classes ...
[info] Non-compiled module 'compiler-bridge_2.13' for Scala 2.13.8. Compiling...
[info] Attempting to fetch org.scala-sbt:compiler-bridge_2.13:1.6.0.
[error] ## Exception when compiling 23 sources to /Users/apple/Brian/Project/Viettel IDC/Play Project/play-samples-play-java-ebean-example/target/scala-2.13/classes
[error] java.lang.reflect.InvocationTargetException
[error] sun.reflect.NativeMethodAccessorImpl.invoke0(Native Method)
[error] sun.reflect.NativeMethodAccessorImpl.invoke(NativeMethodAccessorImpl.java:62)
[error] sun.reflect.DelegatingMethodAccessorImpl.invoke(DelegatingMethodAccessorImpl.java:43)
[error] java.lang.reflect.Method.invoke(Method.java:498)
[error] sbt.internal.inc.RawCompiler.getReporter$1(RawCompiler.scala:56)
[error] sbt.internal.inc.RawCompiler.apply(RawCompiler.scala:77)
[error] sbt.internal.inc.AnalyzingCompiler$.$anonfun$compileSources$7(AnalyzingCompiler.scala:457)
[error] sbt.internal.inc.AnalyzingCompiler$.handleCompilationError$1(AnalyzingCompiler.scala:432)
[error] sbt.internal.inc.AnalyzingCompiler$.$anonfun$compileSources$5(AnalyzingCompiler.scala:453)
[error] sbt.internal.inc.AnalyzingCompiler$.$anonfun$compileSources$5$adapted(AnalyzingCompiler.scala:448)
[error] sbt.io.IO$.withTemporaryDirectory(IO.scala:490)
[error] sbt.io.IO$.withTemporaryDirectory(IO.scala:500)
[error] sbt.internal.inc.AnalyzingCompiler$.$anonfun$compileSources$2(AnalyzingCompiler.scala:448)
[error] sbt.internal.inc.AnalyzingCompiler$.$anonfun$compileSources$2$adapted(AnalyzingCompiler.scala:440)
[error] sbt.io.IO$.withTemporaryDirectory(IO.scala:490)
[error] sbt.io.IO$.withTemporaryDirectory(IO.scala:500)
[error] sbt.internal.inc.AnalyzingCompiler$.compileSources(AnalyzingCompiler.scala:440)
[error] sbt.internal.inc.ZincComponentCompiler.$anonfun$compileAndInstall$3(ZincComponentCompiler.scala:275)
[error] sbt.internal.inc.ZincComponentCompiler.$anonfun$compileAndInstall$3$adapted(ZincComponentCompiler.scala:257)
[error] sbt.io.IO$.withTemporaryDirectory(IO.scala:490)
[error] sbt.io.IO$.withTemporaryDirectory(IO.scala:500)
[error] sbt.internal.inc.ZincComponentCompiler.$anonfun$compileAndInstall$2(ZincComponentCompiler.scala:257)
[error] scala.runtime.java8.JFunction0$mcV$sp.apply(JFunction0$mcV$sp.java:23)
[error] sbt.internal.util.BufferedLogger.bufferQuietly(BufferedLogger.scala:159)
[error] sbt.internal.inc.ZincComponentCompiler.$anonfun$compileAndInstall$1(ZincComponentCompiler.scala:257)
[error] sbt.internal.inc.ZincComponentCompiler.$anonfun$compileAndInstall$1$adapted(ZincComponentCompiler.scala:254)
[error] sbt.io.IO$.withTemporaryDirectory(IO.scala:490)
[error] sbt.io.IO$.withTemporaryDirectory(IO.scala:500)
[error] sbt.internal.inc.ZincComponentCompiler.compileAndInstall(ZincComponentCompiler.scala:254)
[error] sbt.internal.inc.ZincComponentCompiler.$anonfun$compiledBridgeJar$1(ZincComponentCompiler.scala:222)
[error] sbt.internal.inc.IfMissing$Define.run(IfMissing.scala:19)
[error] sbt.internal.inc.ZincComponentManager.createAndCache$1(ZincComponentManager.scala:51)
[error] sbt.internal.inc.ZincComponentManager.$anonfun$files$3(ZincComponentManager.scala:62)
[error] sbt.internal.inc.ZincComponentManager.getOrElse$1(ZincComponentManager.scala:43)
[error] sbt.internal.inc.ZincComponentManager.$anonfun$files$2(ZincComponentManager.scala:62)
[error] sbt.internal.inc.ZincComponentManager$$anon$1.call(ZincComponentManager.scala:91)
[error] xsbt.boot.Locks$GlobalLock.withChannel$1(Locks.scala:113)
[error] xsbt.boot.Locks$GlobalLock.withChannelRetries$1(Locks.scala:91)
[error] xsbt.boot.Locks$GlobalLock.$anonfun$withFileLock$1(Locks.scala:119)
[error] xsbt.boot.Using$.withResource(Using.scala:12)
[error] xsbt.boot.Using$.apply(Using.scala:9)
[error] xsbt.boot.Locks$GlobalLock.withFileLock(Locks.scala:119)
[error] xsbt.boot.Locks$GlobalLock.ignoringDeadlockAvoided(Locks.scala:71)
[error] xsbt.boot.Locks$GlobalLock.withLock(Locks.scala:59)
[error] xsbt.boot.Locks$.apply0(Locks.scala:47)
[error] xsbt.boot.Locks$.apply(Locks.scala:36)
[error] sbt.internal.inc.ZincComponentManager.lock(ZincComponentManager.scala:91)
[error] sbt.internal.inc.ZincComponentManager.$anonfun$lockSecondaryCache$1(ZincComponentManager.scala:88)
[error] scala.Option.map(Option.scala:230)
[error] sbt.internal.inc.ZincComponentManager.lockSecondaryCache(ZincComponentManager.scala:88)
[error] sbt.internal.inc.ZincComponentManager.fromSecondary$1(ZincComponentManager.scala:60)
[error] sbt.internal.inc.ZincComponentManager.$anonfun$files$6(ZincComponentManager.scala:66)
[error] sbt.internal.inc.ZincComponentManager.getOrElse$1(ZincComponentManager.scala:43)
[error] sbt.internal.inc.ZincComponentManager.$anonfun$files$5(ZincComponentManager.scala:66)
[error] sbt.internal.inc.ZincComponentManager$$anon$1.call(ZincComponentManager.scala:91)
[error] xsbt.boot.Locks$GlobalLock.withChannel$1(Locks.scala:113)
[error] xsbt.boot.Locks$GlobalLock.withChannelRetries$1(Locks.scala:91)
[error] xsbt.boot.Locks$GlobalLock.$anonfun$withFileLock$1(Locks.scala:119)
[error] xsbt.boot.Using$.withResource(Using.scala:12)
[error] xsbt.boot.Using$.apply(Using.scala:9)
[error] xsbt.boot.Locks$GlobalLock.withFileLock(Locks.scala:119)
[error] xsbt.boot.Locks$GlobalLock.ignoringDeadlockAvoided(Locks.scala:71)
[error] xsbt.boot.Locks$GlobalLock.withLock(Locks.scala:59)
[error] xsbt.boot.Locks$.apply0(Locks.scala:47)
[error] xsbt.boot.Locks$.apply(Locks.scala:36)
[error] sbt.internal.inc.ZincComponentManager.lock(ZincComponentManager.scala:91)
[error] sbt.internal.inc.ZincComponentManager.lockLocalCache(ZincComponentManager.scala:84)
[error] sbt.internal.inc.ZincComponentManager.files(ZincComponentManager.scala:66)
[error] sbt.internal.inc.ZincComponentManager.file(ZincComponentManager.scala:72)
[error] sbt.internal.inc.ZincComponentCompiler.compiledBridgeJar(ZincComponentCompiler.scala:222)
[error] sbt.internal.inc.ZincComponentCompiler$ZincCompilerBridgeProvider.compiledBridge(ZincComponentCompiler.scala:63)
[error] sbt.internal.inc.ZincComponentCompiler$ZincCompilerBridgeProvider.fetchCompiledBridge(ZincComponentCompiler.scala:70)
[error] sbt.internal.inc.AnalyzingCompiler.getDualLoader(AnalyzingCompiler.scala:354)
[error] sbt.internal.inc.AnalyzingCompiler.getCompilerLoader(AnalyzingCompiler.scala:343)
[error] sbt.internal.inc.AnalyzingCompiler.compile(AnalyzingCompiler.scala:87)
[error] sbt.internal.inc.MixedAnalyzingCompiler.$anonfun$compile$7(MixedAnalyzingCompiler.scala:192)
[error] scala.runtime.java8.JFunction0$mcV$sp.apply(JFunction0$mcV$sp.java:23)
[error] sbt.internal.inc.MixedAnalyzingCompiler.timed(MixedAnalyzingCompiler.scala:247)
[error] sbt.internal.inc.MixedAnalyzingCompiler.$anonfun$compile$4(MixedAnalyzingCompiler.scala:182)
[error] sbt.internal.inc.MixedAnalyzingCompiler.$anonfun$compile$4$adapted(MixedAnalyzingCompiler.scala:163)
[error] sbt.internal.inc.JarUtils$.withPreviousJar(JarUtils.scala:239)
[error] sbt.internal.inc.MixedAnalyzingCompiler.compileScala$1(MixedAnalyzingCompiler.scala:163)
[error] sbt.internal.inc.MixedAnalyzingCompiler.compile(MixedAnalyzingCompiler.scala:210)
[error] sbt.internal.inc.IncrementalCompilerImpl.$anonfun$compileInternal$1(IncrementalCompilerImpl.scala:528)
[error] sbt.internal.inc.IncrementalCompilerImpl.$anonfun$compileInternal$1$adapted(IncrementalCompilerImpl.scala:528)
[error] sbt.internal.inc.Incremental$.$anonfun$apply$5(Incremental.scala:177)
[error] sbt.internal.inc.Incremental$.$anonfun$apply$5$adapted(Incremental.scala:175)
[error] sbt.internal.inc.Incremental$$anon$2.run(Incremental.scala:461)
[error] sbt.internal.inc.IncrementalCommon$CycleState.next(IncrementalCommon.scala:116)
[error] sbt.internal.inc.IncrementalCommon$$anon$1.next(IncrementalCommon.scala:56)
[error] sbt.internal.inc.IncrementalCommon$$anon$1.next(IncrementalCommon.scala:52)
[error] sbt.internal.inc.IncrementalCommon.cycle(IncrementalCommon.scala:263)
[error] sbt.internal.inc.Incremental$.$anonfun$incrementalCompile$8(Incremental.scala:416)
[error] sbt.internal.inc.Incremental$.withClassfileManager(Incremental.scala:503)
[error] sbt.internal.inc.Incremental$.incrementalCompile(Incremental.scala:403)
[error] sbt.internal.inc.Incremental$.apply(Incremental.scala:169)
[error] sbt.internal.inc.IncrementalCompilerImpl.compileInternal(IncrementalCompilerImpl.scala:528)
[error] sbt.internal.inc.IncrementalCompilerImpl.$anonfun$compileIncrementally$1(IncrementalCompilerImpl.scala:482)
[error] sbt.internal.inc.IncrementalCompilerImpl.handleCompilationError(IncrementalCompilerImpl.scala:332)
[error] sbt.internal.inc.IncrementalCompilerImpl.compileIncrementally(IncrementalCompilerImpl.scala:420)
[error] sbt.internal.inc.IncrementalCompilerImpl.compile(IncrementalCompilerImpl.scala:137)
[error] sbt.Defaults$.compileIncrementalTaskImpl(Defaults.scala:2366)
[error] sbt.Defaults$.$anonfun$compileIncrementalTask$2(Defaults.scala:2316)
[error] sbt.internal.server.BspCompileTask$.$anonfun$compute$1(BspCompileTask.scala:30)
[error] sbt.internal.io.Retry$.apply(Retry.scala:46)
[error] sbt.internal.io.Retry$.apply(Retry.scala:28)
[error] sbt.internal.io.Retry$.apply(Retry.scala:23)
[error] sbt.internal.server.BspCompileTask$.compute(BspCompileTask.scala:30)
[error] sbt.Defaults$.$anonfun$compileIncrementalTask$1(Defaults.scala:2314)
[error] scala.Function1.$anonfun$compose$1(Function1.scala:49)
[error] sbt.internal.util.$tilde$greater.$anonfun$$u2219$1(TypeFunctions.scala:62)
[error] sbt.std.Transform$$anon$4.work(Transform.scala:68)
[error] sbt.Execute.$anonfun$submit$2(Execute.scala:282)
[error] sbt.internal.util.ErrorHandling$.wideConvert(ErrorHandling.scala:23)
[error] sbt.Execute.work(Execute.scala:291)
[error] sbt.Execute.$anonfun$submit$1(Execute.scala:282)
[error] sbt.ConcurrentRestrictions$$anon$4.$anonfun$submitValid$1(ConcurrentRestrictions.scala:265)
[error] sbt.CompletionService$$anon$2.call(CompletionService.scala:64)
[error] java.util.concurrent.FutureTask.run(FutureTask.java:266)
[error] java.util.concurrent.Executors$RunnableAdapter.call(Executors.java:511)
[error] java.util.concurrent.FutureTask.run(FutureTask.java:266)
[error] java.util.concurrent.ThreadPoolExecutor.runWorker(ThreadPoolExecutor.java:1149)
[error] java.util.concurrent.ThreadPoolExecutor$Worker.run(ThreadPoolExecutor.java:624)
[error] java.lang.Thread.run(Thread.java:750)
[error]            
[debug] Forcing garbage collection...
[error] java.lang.IllegalStateException: don't know how to handle an output of /var/folders/m7/q4h41vfx2y536mn52j0vdbtc0000gn/T/sbt_cb64d8a2 [class scala.reflect.io.PlainFile]
[error] 	at scala.tools.nsc.backend.jvm.ClassfileWriters$FileWriter$.apply(ClassfileWriters.scala:185)
[error] 	at scala.tools.nsc.backend.jvm.ClassfileWriters$ClassfileWriter$.apply(ClassfileWriters.scala:78)
[error] 	at scala.tools.nsc.backend.jvm.PostProcessor.initialize(PostProcessor.scala:57)
[error] 	at scala.tools.nsc.backend.jvm.GenBCode$BCodePhase.initialize(GenBCode.scala:96)
[error] 	at scala.tools.nsc.backend.jvm.GenBCode$BCodePhase.$anonfun$run$1(GenBCode.scala:79)
[error] 	at scala.tools.nsc.backend.jvm.GenBCode$BCodePhase.run(GenBCode.scala:78)
[error] 	at scala.tools.nsc.Global$Run.compileUnitsInternal(Global.scala:1524)
[error] 	at scala.tools.nsc.Global$Run.compileUnits(Global.scala:1508)
[error] 	at scala.tools.nsc.Global$Run.compileSources(Global.scala:1500)
[error] 	at scala.tools.nsc.Global$Run.compile(Global.scala:1634)
[error] 	at scala.tools.nsc.Driver.doCompile(Driver.scala:48)
[error] 	at scala.tools.nsc.MainClass.doCompile(Main.scala:30)
[error] 	at scala.tools.nsc.Driver.process(Driver.scala:68)
[error] 	at scala.tools.nsc.Main.process(Main.scala)
[error] 	at sun.reflect.NativeMethodAccessorImpl.invoke0(Native Method)
[error] 	at sun.reflect.NativeMethodAccessorImpl.invoke(NativeMethodAccessorImpl.java:62)
[error] 	at sun.reflect.DelegatingMethodAccessorImpl.invoke(DelegatingMethodAccessorImpl.java:43)
[error] 	at java.lang.reflect.Method.invoke(Method.java:498)
[error] 	at sbt.internal.inc.RawCompiler.getReporter$1(RawCompiler.scala:56)
[error] 	at sbt.internal.inc.RawCompiler.apply(RawCompiler.scala:77)
[error] 	at sbt.internal.inc.AnalyzingCompiler$.$anonfun$compileSources$7(AnalyzingCompiler.scala:457)
[error] 	at sbt.internal.inc.AnalyzingCompiler$.handleCompilationError$1(AnalyzingCompiler.scala:432)
[error] 	at sbt.internal.inc.AnalyzingCompiler$.$anonfun$compileSources$5(AnalyzingCompiler.scala:453)
[error] 	at sbt.internal.inc.AnalyzingCompiler$.$anonfun$compileSources$5$adapted(AnalyzingCompiler.scala:448)
[error] 	at sbt.io.IO$.withTemporaryDirectory(IO.scala:490)
[error] 	at sbt.io.IO$.withTemporaryDirectory(IO.scala:500)
[error] 	at sbt.internal.inc.AnalyzingCompiler$.$anonfun$compileSources$2(AnalyzingCompiler.scala:448)
[error] 	at sbt.internal.inc.AnalyzingCompiler$.$anonfun$compileSources$2$adapted(AnalyzingCompiler.scala:440)
[error] 	at sbt.io.IO$.withTemporaryDirectory(IO.scala:490)
[error] 	at sbt.io.IO$.withTemporaryDirectory(IO.scala:500)
[error] 	at sbt.internal.inc.AnalyzingCompiler$.compileSources(AnalyzingCompiler.scala:440)
[error] 	at sbt.internal.inc.ZincComponentCompiler.$anonfun$compileAndInstall$3(ZincComponentCompiler.scala:275)
[error] 	at sbt.internal.inc.ZincComponentCompiler.$anonfun$compileAndInstall$3$adapted(ZincComponentCompiler.scala:257)
[error] 	at sbt.io.IO$.withTemporaryDirectory(IO.scala:490)
[error] 	at sbt.io.IO$.withTemporaryDirectory(IO.scala:500)
[error] 	at sbt.internal.inc.ZincComponentCompiler.$anonfun$compileAndInstall$2(ZincComponentCompiler.scala:257)
[error] 	at scala.runtime.java8.JFunction0$mcV$sp.apply(JFunction0$mcV$sp.java:23)
[error] 	at sbt.internal.util.BufferedLogger.bufferQuietly(BufferedLogger.scala:159)
[error] 	at sbt.internal.inc.ZincComponentCompiler.$anonfun$compileAndInstall$1(ZincComponentCompiler.scala:257)
[error] 	at sbt.internal.inc.ZincComponentCompiler.$anonfun$compileAndInstall$1$adapted(ZincComponentCompiler.scala:254)
[error] 	at sbt.io.IO$.withTemporaryDirectory(IO.scala:490)
[error] 	at sbt.io.IO$.withTemporaryDirectory(IO.scala:500)
[error] 	at sbt.internal.inc.ZincComponentCompiler.compileAndInstall(ZincComponentCompiler.scala:254)
[error] 	at sbt.internal.inc.ZincComponentCompiler.$anonfun$compiledBridgeJar$1(ZincComponentCompiler.scala:222)
[error] 	at sbt.internal.inc.IfMissing$Define.run(IfMissing.scala:19)
[error] 	at sbt.internal.inc.ZincComponentManager.createAndCache$1(ZincComponentManager.scala:51)
[error] 	at sbt.internal.inc.ZincComponentManager.$anonfun$files$3(ZincComponentManager.scala:62)
[error] 	at sbt.internal.inc.ZincComponentManager.getOrElse$1(ZincComponentManager.scala:43)
[error] 	at sbt.internal.inc.ZincComponentManager.$anonfun$files$2(ZincComponentManager.scala:62)
[error] 	at sbt.internal.inc.ZincComponentManager$$anon$1.call(ZincComponentManager.scala:91)
[error] 	at xsbt.boot.Locks$GlobalLock.withChannel$1(Locks.scala:113)
[error] 	at xsbt.boot.Locks$GlobalLock.withChannelRetries$1(Locks.scala:91)
[error] 	at xsbt.boot.Locks$GlobalLock.$anonfun$withFileLock$1(Locks.scala:119)
[error] 	at xsbt.boot.Using$.withResource(Using.scala:12)
[error] 	at xsbt.boot.Using$.apply(Using.scala:9)
[error] 	at xsbt.boot.Locks$GlobalLock.withFileLock(Locks.scala:119)
[error] 	at xsbt.boot.Locks$GlobalLock.ignoringDeadlockAvoided(Locks.scala:71)
[error] 	at xsbt.boot.Locks$GlobalLock.withLock(Locks.scala:59)
[error] 	at xsbt.boot.Locks$.apply0(Locks.scala:47)
[error] 	at xsbt.boot.Locks$.apply(Locks.scala:36)
[error] 	at sbt.internal.inc.ZincComponentManager.lock(ZincComponentManager.scala:91)
[error] 	at sbt.internal.inc.ZincComponentManager.$anonfun$lockSecondaryCache$1(ZincComponentManager.scala:88)
[error] 	at scala.Option.map(Option.scala:230)
[error] 	at sbt.internal.inc.ZincComponentManager.lockSecondaryCache(ZincComponentManager.scala:88)
[error] 	at sbt.internal.inc.ZincComponentManager.fromSecondary$1(ZincComponentManager.scala:60)
[error] 	at sbt.internal.inc.ZincComponentManager.$anonfun$files$6(ZincComponentManager.scala:66)
[error] 	at sbt.internal.inc.ZincComponentManager.getOrElse$1(ZincComponentManager.scala:43)
[error] 	at sbt.internal.inc.ZincComponentManager.$anonfun$files$5(ZincComponentManager.scala:66)
[error] 	at sbt.internal.inc.ZincComponentManager$$anon$1.call(ZincComponentManager.scala:91)
[error] 	at xsbt.boot.Locks$GlobalLock.withChannel$1(Locks.scala:113)
[error] 	at xsbt.boot.Locks$GlobalLock.withChannelRetries$1(Locks.scala:91)
[error] 	at xsbt.boot.Locks$GlobalLock.$anonfun$withFileLock$1(Locks.scala:119)
[error] 	at xsbt.boot.Using$.withResource(Using.scala:12)
[error] 	at xsbt.boot.Using$.apply(Using.scala:9)
[error] 	at xsbt.boot.Locks$GlobalLock.withFileLock(Locks.scala:119)
[error] 	at xsbt.boot.Locks$GlobalLock.ignoringDeadlockAvoided(Locks.scala:71)
[error] 	at xsbt.boot.Locks$GlobalLock.withLock(Locks.scala:59)
[error] 	at xsbt.boot.Locks$.apply0(Locks.scala:47)
[error] 	at xsbt.boot.Locks$.apply(Locks.scala:36)
[error] 	at sbt.internal.inc.ZincComponentManager.lock(ZincComponentManager.scala:91)
[error] 	at sbt.internal.inc.ZincComponentManager.lockLocalCache(ZincComponentManager.scala:84)
[error] 	at sbt.internal.inc.ZincComponentManager.files(ZincComponentManager.scala:66)
[error] 	at sbt.internal.inc.ZincComponentManager.file(ZincComponentManager.scala:72)
[error] 	at sbt.internal.inc.ZincComponentCompiler.compiledBridgeJar(ZincComponentCompiler.scala:222)
[error] 	at sbt.internal.inc.ZincComponentCompiler$ZincCompilerBridgeProvider.compiledBridge(ZincComponentCompiler.scala:63)
[error] 	at sbt.internal.inc.ZincComponentCompiler$ZincCompilerBridgeProvider.fetchCompiledBridge(ZincComponentCompiler.scala:70)
[error] 	at sbt.internal.inc.AnalyzingCompiler.getDualLoader(AnalyzingCompiler.scala:354)
[error] 	at sbt.internal.inc.AnalyzingCompiler.getCompilerLoader(AnalyzingCompiler.scala:343)
[error] 	at sbt.internal.inc.AnalyzingCompiler.compile(AnalyzingCompiler.scala:87)
[error] 	at sbt.internal.inc.MixedAnalyzingCompiler.$anonfun$compile$7(MixedAnalyzingCompiler.scala:192)
[error] 	at scala.runtime.java8.JFunction0$mcV$sp.apply(JFunction0$mcV$sp.java:23)
[error] 	at sbt.internal.inc.MixedAnalyzingCompiler.timed(MixedAnalyzingCompiler.scala:247)
[error] 	at sbt.internal.inc.MixedAnalyzingCompiler.$anonfun$compile$4(MixedAnalyzingCompiler.scala:182)
[error] 	at sbt.internal.inc.MixedAnalyzingCompiler.$anonfun$compile$4$adapted(MixedAnalyzingCompiler.scala:163)
[error] 	at sbt.internal.inc.JarUtils$.withPreviousJar(JarUtils.scala:239)
[error] 	at sbt.internal.inc.MixedAnalyzingCompiler.compileScala$1(MixedAnalyzingCompiler.scala:163)
[error] 	at sbt.internal.inc.MixedAnalyzingCompiler.compile(MixedAnalyzingCompiler.scala:210)
[error] 	at sbt.internal.inc.IncrementalCompilerImpl.$anonfun$compileInternal$1(IncrementalCompilerImpl.scala:528)
[error] 	at sbt.internal.inc.IncrementalCompilerImpl.$anonfun$compileInternal$1$adapted(IncrementalCompilerImpl.scala:528)
[error] 	at sbt.internal.inc.Incremental$.$anonfun$apply$5(Incremental.scala:177)
[error] 	at sbt.internal.inc.Incremental$.$anonfun$apply$5$adapted(Incremental.scala:175)
[error] 	at sbt.internal.inc.Incremental$$anon$2.run(Incremental.scala:461)
[error] 	at sbt.internal.inc.IncrementalCommon$CycleState.next(IncrementalCommon.scala:116)
[error] 	at sbt.internal.inc.IncrementalCommon$$anon$1.next(IncrementalCommon.scala:56)
[error] 	at sbt.internal.inc.IncrementalCommon$$anon$1.next(IncrementalCommon.scala:52)
[error] 	at sbt.internal.inc.IncrementalCommon.cycle(IncrementalCommon.scala:263)
[error] 	at sbt.internal.inc.Incremental$.$anonfun$incrementalCompile$8(Incremental.scala:416)
[error] 	at sbt.internal.inc.Incremental$.withClassfileManager(Incremental.scala:503)
[error] 	at sbt.internal.inc.Incremental$.incrementalCompile(Incremental.scala:403)
[error] 	at sbt.internal.inc.Incremental$.apply(Incremental.scala:169)
[error] 	at sbt.internal.inc.IncrementalCompilerImpl.compileInternal(IncrementalCompilerImpl.scala:528)
[error] 	at sbt.internal.inc.IncrementalCompilerImpl.$anonfun$compileIncrementally$1(IncrementalCompilerImpl.scala:482)
[error] 	at sbt.internal.inc.IncrementalCompilerImpl.handleCompilationError(IncrementalCompilerImpl.scala:332)
[error] 	at sbt.internal.inc.IncrementalCompilerImpl.compileIncrementally(IncrementalCompilerImpl.scala:420)
[error] 	at sbt.internal.inc.IncrementalCompilerImpl.compile(IncrementalCompilerImpl.scala:137)
[error] 	at sbt.Defaults$.compileIncrementalTaskImpl(Defaults.scala:2366)
[error] 	at sbt.Defaults$.$anonfun$compileIncrementalTask$2(Defaults.scala:2316)
[error] 	at sbt.internal.server.BspCompileTask$.$anonfun$compute$1(BspCompileTask.scala:30)
[error] 	at sbt.internal.io.Retry$.apply(Retry.scala:46)
[error] 	at sbt.internal.io.Retry$.apply(Retry.scala:28)
[error] 	at sbt.internal.io.Retry$.apply(Retry.scala:23)
[error] 	at sbt.internal.server.BspCompileTask$.compute(BspCompileTask.scala:30)
[error] 	at sbt.Defaults$.$anonfun$compileIncrementalTask$1(Defaults.scala:2314)
[error] 	at scala.Function1.$anonfun$compose$1(Function1.scala:49)
[error] 	at sbt.internal.util.$tilde$greater.$anonfun$$u2219$1(TypeFunctions.scala:62)
[error] 	at sbt.std.Transform$$anon$4.work(Transform.scala:68)
[error] 	at sbt.Execute.$anonfun$submit$2(Execute.scala:282)
[error] 	at sbt.internal.util.ErrorHandling$.wideConvert(ErrorHandling.scala:23)
[error] 	at sbt.Execute.work(Execute.scala:291)
[error] 	at sbt.Execute.$anonfun$submit$1(Execute.scala:282)
[error] 	at sbt.ConcurrentRestrictions$$anon$4.$anonfun$submitValid$1(ConcurrentRestrictions.scala:265)
[error] 	at sbt.CompletionService$$anon$2.call(CompletionService.scala:64)
[error] 	at java.util.concurrent.FutureTask.run(FutureTask.java:266)
[error] 	at java.util.concurrent.Executors$RunnableAdapter.call(Executors.java:511)
[error] 	at java.util.concurrent.FutureTask.run(FutureTask.java:266)
[error] 	at java.util.concurrent.ThreadPoolExecutor.runWorker(ThreadPoolExecutor.java:1149)
[error] 	at java.util.concurrent.ThreadPoolExecutor$Worker.run(ThreadPoolExecutor.java:624)
[error] 	at java.lang.Thread.run(Thread.java:750)
[error] (Compile / compileIncremental) java.lang.reflect.InvocationTargetException
[debug] Running task... Cancel: Signal, check cycles: false, forcegc: true
[warn] In the last 9286 seconds, 6.22 (0.1%) were spent in GC. [Heap: 0.90GB free of 1.00GB, max 1.00GB] Consider increasing the JVM heap using `-Xmx` or try a different collector, e.g. `-XX:+UseG1GC`, for better performance.
[warn] In the last 10 seconds, 5.197 (52.6%) were spent in GC. [Heap: 0.50GB free of 1.00GB, max 1.00GB] Consider increasing the JVM heap using `-Xmx` or try a different collector, e.g. `-XX:+UseG1GC`, for better performance.
[warn] In the last 10 seconds, 6.089 (60.9%) were spent in GC. [Heap: 0.89GB free of 1.00GB, max 1.00GB] Consider increasing the JVM heap using `-Xmx` or try a different collector, e.g. `-XX:+UseG1GC`, for better performance.
[warn] In the last 831 seconds, 18.143 (2.2%) were spent in GC. [Heap: 0.85GB free of 1.00GB, max 1.00GB] Consider increasing the JVM heap using `-Xmx` or try a different collector, e.g. `-XX:+UseG1GC`, for better performance.
[warn] In the last 10 seconds, 5.621 (56.3%) were spent in GC. [Heap: 0.88GB free of 1.00GB, max 1.00GB] Consider increasing the JVM heap using `-Xmx` or try a different collector, e.g. `-XX:+UseG1GC`, for better performance.
[warn] In the last 10 seconds, 5.258 (52.6%) were spent in GC. [Heap: 0.88GB free of 1.00GB, max 1.00GB] Consider increasing the JVM heap using `-Xmx` or try a different collector, e.g. `-XX:+UseG1GC`, for better performance.
[warn] In the last 10 seconds, 5.522 (55.2%) were spent in GC. [Heap: 0.87GB free of 1.00GB, max 1.00GB] Consider increasing the JVM heap using `-Xmx` or try a different collector, e.g. `-XX:+UseG1GC`, for better performance.
[warn] In the last 10 seconds, 6.417 (64.2%) were spent in GC. [Heap: 0.89GB free of 1.00GB, max 1.00GB] Consider increasing the JVM heap using `-Xmx` or try a different collector, e.g. `-XX:+UseG1GC`, for better performance.
[warn] In the last 10 seconds, 6.326 (63.3%) were spent in GC. [Heap: 0.89GB free of 1.00GB, max 1.00GB] Consider increasing the JVM heap using `-Xmx` or try a different collector, e.g. `-XX:+UseG1GC`, for better performance.
[warn] In the last 10 seconds, 5.082 (51.0%) were spent in GC. [Heap: 0.42GB free of 1.00GB, max 1.00GB] Consider increasing the JVM heap using `-Xmx` or try a different collector, e.g. `-XX:+UseG1GC`, for better performance.
[warn] In the last 10 seconds, 5.078 (50.8%) were spent in GC. [Heap: 0.90GB free of 1.00GB, max 1.00GB] Consider increasing the JVM heap using `-Xmx` or try a different collector, e.g. `-XX:+UseG1GC`, for better performance.
[warn] In the last 10 seconds, 5.004 (50.4%) were spent in GC. [Heap: 0.22GB free of 1.00GB, max 1.00GB] Consider increasing the JVM heap using `-Xmx` or try a different collector, e.g. `-XX:+UseG1GC`, for better performance.
[warn] In the last 10 seconds, 5.223 (52.3%) were spent in GC. [Heap: 0.87GB free of 1.00GB, max 1.00GB] Consider increasing the JVM heap using `-Xmx` or try a different collector, e.g. `-XX:+UseG1GC`, for better performance.
[warn] In the last 10 seconds, 6.192 (62.0%) were spent in GC. [Heap: 0.88GB free of 1.00GB, max 1.00GB] Consider increasing the JVM heap using `-Xmx` or try a different collector, e.g. `-XX:+UseG1GC`, for better performance.
[warn] In the last 10 seconds, 5.098 (51.0%) were spent in GC. [Heap: 0.30GB free of 1.00GB, max 1.00GB] Consider increasing the JVM heap using `-Xmx` or try a different collector, e.g. `-XX:+UseG1GC`, for better performance.
[warn] In the last 10 seconds, 6.384 (63.9%) were spent in GC. [Heap: 0.89GB free of 1.00GB, max 1.00GB] Consider increasing the JVM heap using `-Xmx` or try a different collector, e.g. `-XX:+UseG1GC`, for better performance.
[warn] In the last 10 seconds, 6.115 (61.2%) were spent in GC. [Heap: 0.87GB free of 1.00GB, max 1.00GB] Consider increasing the JVM heap using `-Xmx` or try a different collector, e.g. `-XX:+UseG1GC`, for better performance.
[warn] In the last 10 seconds, 5.687 (56.9%) were spent in GC. [Heap: 0.86GB free of 1.00GB, max 1.00GB] Consider increasing the JVM heap using `-Xmx` or try a different collector, e.g. `-XX:+UseG1GC`, for better performance.
[warn] In the last 10 seconds, 5.139 (51.6%) were spent in GC. [Heap: 0.29GB free of 1.00GB, max 1.00GB] Consider increasing the JVM heap using `-Xmx` or try a different collector, e.g. `-XX:+UseG1GC`, for better performance.
[warn] In the last 10 seconds, 6.889 (69.0%) were spent in GC. [Heap: 0.88GB free of 1.00GB, max 1.00GB] Consider increasing the JVM heap using `-Xmx` or try a different collector, e.g. `-XX:+UseG1GC`, for better performance.
[warn] In the last 10 seconds, 5.685 (56.9%) were spent in GC. [Heap: 0.88GB free of 1.00GB, max 1.00GB] Consider increasing the JVM heap using `-Xmx` or try a different collector, e.g. `-XX:+UseG1GC`, for better performance.
[warn] In the last 10 seconds, 7.082 (70.9%) were spent in GC. [Heap: 0.87GB free of 1.00GB, max 1.00GB] Consider increasing the JVM heap using `-Xmx` or try a different collector, e.g. `-XX:+UseG1GC`, for better performance.
[warn] In the last 10 seconds, 8.861 (88.8%) were spent in GC. [Heap: 0.89GB free of 1.00GB, max 1.00GB] Consider increasing the JVM heap using `-Xmx` or try a different collector, e.g. `-XX:+UseG1GC`, for better performance.
[warn] In the last 10 seconds, 5.058 (50.6%) were spent in GC. [Heap: 0.45GB free of 1.00GB, max 1.00GB] Consider increasing the JVM heap using `-Xmx` or try a different collector, e.g. `-XX:+UseG1GC`, for better performance.
[warn] In the last 10 seconds, 5.014 (50.1%) were spent in GC. [Heap: 0.23GB free of 1.00GB, max 1.00GB] Consider increasing the JVM heap using `-Xmx` or try a different collector, e.g. `-XX:+UseG1GC`, for better performance.
[warn] In the last 10 seconds, 7.214 (72.3%) were spent in GC. [Heap: 0.90GB free of 1.00GB, max 1.00GB] Consider increasing the JVM heap using `-Xmx` or try a different collector, e.g. `-XX:+UseG1GC`, for better performance.
[warn] In the last 10 seconds, 6.157 (61.6%) were spent in GC. [Heap: 0.90GB free of 1.00GB, max 1.00GB] Consider increasing the JVM heap using `-Xmx` or try a different collector, e.g. `-XX:+UseG1GC`, for better performance.
[warn] In the last 10 seconds, 5.366 (53.7%) were spent in GC. [Heap: 0.87GB free of 1.00GB, max 1.00GB] Consider increasing the JVM heap using `-Xmx` or try a different collector, e.g. `-XX:+UseG1GC`, for better performance.
[warn] In the last 10 seconds, 5.239 (52.4%) were spent in GC. [Heap: 0.89GB free of 1.00GB, max 1.00GB] Consider increasing the JVM heap using `-Xmx` or try a different collector, e.g. `-XX:+UseG1GC`, for better performance.
[warn] In the last 10 seconds, 5.007 (50.4%) were spent in GC. [Heap: 0.48GB free of 1.00GB, max 1.00GB] Consider increasing the JVM heap using `-Xmx` or try a different collector, e.g. `-XX:+UseG1GC`, for better performance.
[warn] In the last 10 seconds, 5.251 (52.6%) were spent in GC. [Heap: 0.39GB free of 1.00GB, max 1.00GB] Consider increasing the JVM heap using `-Xmx` or try a different collector, e.g. `-XX:+UseG1GC`, for better performance.
[warn] In the last 10 seconds, 5.368 (56.2%) were spent in GC. [Heap: 0.36GB free of 1.00GB, max 1.00GB] Consider increasing the JVM heap using `-Xmx` or try a different collector, e.g. `-XX:+UseG1GC`, for better performance.
[warn] In the last 10 seconds, 5.145 (51.7%) were spent in GC. [Heap: 0.35GB free of 1.00GB, max 1.00GB] Consider increasing the JVM heap using `-Xmx` or try a different collector, e.g. `-XX:+UseG1GC`, for better performance.
[warn] In the last 10 seconds, 5.027 (54.1%) were spent in GC. [Heap: 0.03GB free of 1.00GB, max 1.00GB] Consider increasing the JVM heap using `-Xmx` or try a different collector, e.g. `-XX:+UseG1GC`, for better performance.
[warn] In the last 10 seconds, 6.443 (64.8%) were spent in GC. [Heap: 0.34GB free of 1.00GB, max 1.00GB] Consider increasing the JVM heap using `-Xmx` or try a different collector, e.g. `-XX:+UseG1GC`, for better performance.
[warn] In the last 10 seconds, 5.125 (51.3%) were spent in GC. [Heap: 0.14GB free of 1.00GB, max 1.00GB] Consider increasing the JVM heap using `-Xmx` or try a different collector, e.g. `-XX:+UseG1GC`, for better performance.
[warn] In the last 10 seconds, 8.433 (84.4%) were spent in GC. [Heap: 0.89GB free of 1.00GB, max 1.00GB] Consider increasing the JVM heap using `-Xmx` or try a different collector, e.g. `-XX:+UseG1GC`, for better performance.
[warn] In the last 10 seconds, 6.427 (64.3%) were spent in GC. [Heap: 0.79GB free of 1.00GB, max 1.00GB] Consider increasing the JVM heap using `-Xmx` or try a different collector, e.g. `-XX:+UseG1GC`, for better performance.
[warn] In the last 10 seconds, 5.515 (55.2%) were spent in GC. [Heap: 0.21GB free of 1.00GB, max 1.00GB] Consider increasing the JVM heap using `-Xmx` or try a different collector, e.g. `-XX:+UseG1GC`, for better performance.
[warn] In the last 10 seconds, 6.997 (70.0%) were spent in GC. [Heap: 0.87GB free of 1.00GB, max 1.00GB] Consider increasing the JVM heap using `-Xmx` or try a different collector, e.g. `-XX:+UseG1GC`, for better performance.
[warn] In the last 10 seconds, 7.719 (77.3%) were spent in GC. [Heap: 0.89GB free of 1.00GB, max 1.00GB] Consider increasing the JVM heap using `-Xmx` or try a different collector, e.g. `-XX:+UseG1GC`, for better performance.
[warn] In the last 10 seconds, 5.001 (50.0%) were spent in GC. [Heap: 0.62GB free of 1.00GB, max 1.00GB] Consider increasing the JVM heap using `-Xmx` or try a different collector, e.g. `-XX:+UseG1GC`, for better performance.
[warn] In the last 10 seconds, 5.014 (50.9%) were spent in GC. [Heap: 0.15GB free of 1.00GB, max 1.00GB] Consider increasing the JVM heap using `-Xmx` or try a different collector, e.g. `-XX:+UseG1GC`, for better performance.
[warn] In the last 10 seconds, 5.052 (51.1%) were spent in GC. [Heap: 0.25GB free of 1.00GB, max 1.00GB] Consider increasing the JVM heap using `-Xmx` or try a different collector, e.g. `-XX:+UseG1GC`, for better performance.
[warn] In the last 10 seconds, 6.885 (68.9%) were spent in GC. [Heap: 0.86GB free of 1.00GB, max 1.00GB] Consider increasing the JVM heap using `-Xmx` or try a different collector, e.g. `-XX:+UseG1GC`, for better performance.
